2020-05-12 23:43:51,402:INFO:START
2020-05-12 23:43:52,059:INFO:Generated from row: 6 to 45 of varin<Worksheet "DI">
2020-05-12 23:43:52,059:INFO:Generated from row: 6 to 45 of codebodyin<Worksheet "DI">
2020-05-12 23:43:52,059:INFO:PLC_DI.awl created
2020-05-12 23:43:52,059:INFO:Generated from row: 6 to 45 of db_varin<Worksheet "DI">
2020-05-12 23:43:52,059:INFO:PLC_DI_DB.db created
2020-05-12 23:43:52,067:INFO:Generated from row: 6 to 45 of symbolin<Worksheet "DI">
2020-05-12 23:43:52,067:INFO:PLC_DI_Symbol.sdf created
2020-05-12 23:43:52,067:INFO:Generated from row: 6 to 45 of Intouchin<Worksheet "DI">
2020-05-12 23:43:52,067:INFO:IT_DI.csv created
2020-05-12 23:43:52,067:INFO:Generated DI files put in C:/Users/EddieKarlsson/Desktop\Generated DI
2020-05-12 23:43:52,067:INFO:Generated from row: 6 to 15 of varin<Worksheet "DO">
2020-05-12 23:43:52,067:INFO:Generated from row: 6 to 15 of codebodyin<Worksheet "DO">
2020-05-12 23:43:52,067:INFO:PLC_DO.awl created
2020-05-12 23:43:52,077:INFO:Generated from row: 6 to 15 of db_varin<Worksheet "DO">
2020-05-12 23:43:52,077:INFO:PLC_DO_DB.db created
2020-05-12 23:43:52,079:INFO:Generated from row: 6 to 15 of symbolin<Worksheet "DO">
2020-05-12 23:43:52,079:INFO:PLC_DO_Symbol.sdf created
2020-05-12 23:43:52,079:INFO:Generated from row: 6 to 15 of Intouchin<Worksheet "DO">
2020-05-12 23:43:52,079:INFO:IT_DO.csv created
2020-05-12 23:43:52,079:INFO:Generated DO files put in C:/Users/EddieKarlsson/Desktop\Generated DO
2020-05-12 23:43:52,079:INFO:Generated from row: 6 to 26 of codebodyin<Worksheet "Valves">
2020-05-12 23:43:52,079:INFO:PLC_Valves.awl created
2020-05-12 23:43:52,079:INFO:Generated Valve files put in C:/Users/EddieKarlsson/Desktop\Generated Valve
2020-05-12 23:55:00,658:INFO:START
2020-05-12 23:55:01,334:INFO:Generated from row: 6 to 45 of varin<Worksheet "DI">
2020-05-12 23:55:01,334:INFO:Generated from row: 6 to 45 of codebodyin<Worksheet "DI">
2020-05-12 23:55:01,334:INFO:PLC_DI.awl created
2020-05-12 23:55:01,334:INFO:Generated from row: 6 to 45 of db_varin<Worksheet "DI">
2020-05-12 23:55:01,334:INFO:PLC_DI_DB.db created
2020-05-12 23:55:01,342:INFO:Generated from row: 6 to 45 of symbolin<Worksheet "DI">
2020-05-12 23:55:01,344:INFO:PLC_DI_Symbol.sdf created
2020-05-12 23:55:01,344:INFO:Generated from row: 6 to 45 of Intouchin<Worksheet "DI">
2020-05-12 23:55:01,344:INFO:IT_DI.csv created
2020-05-12 23:55:01,344:INFO:Generated DI files put in C:/Users/EddieKarlsson/Desktop\Generated DI
2020-05-12 23:55:01,344:INFO:Generated from row: 6 to 15 of varin<Worksheet "DO">
2020-05-12 23:55:01,344:INFO:Generated from row: 6 to 15 of codebodyin<Worksheet "DO">
2020-05-12 23:55:01,344:INFO:PLC_DO.awl created
2020-05-12 23:55:01,352:INFO:Generated from row: 6 to 15 of db_varin<Worksheet "DO">
2020-05-12 23:55:01,352:INFO:PLC_DO_DB.db created
2020-05-12 23:55:01,354:INFO:Generated from row: 6 to 15 of symbolin<Worksheet "DO">
2020-05-12 23:55:01,354:INFO:PLC_DO_Symbol.sdf created
2020-05-12 23:55:01,354:INFO:Generated from row: 6 to 15 of Intouchin<Worksheet "DO">
2020-05-12 23:55:01,354:INFO:IT_DO.csv created
2020-05-12 23:55:01,354:INFO:Generated DO files put in C:/Users/EddieKarlsson/Desktop\Generated DO
2020-05-12 23:55:01,354:INFO:Generated from row: 6 to 26 of codebodyin<Worksheet "Valves">
2020-05-12 23:55:01,354:INFO:PLC_Valves.awl created
2020-05-12 23:55:01,354:INFO:Generated Valve files put in C:/Users/EddieKarlsson/Desktop\Generated Valve
2020-05-12 23:55:01,354:INFO:STOP
2020-05-12 23:55:15,740:INFO:START
2020-05-12 23:55:16,398:INFO:Generated from row: 6 to 45 of varin<Worksheet "DI">
2020-05-12 23:55:16,398:INFO:Generated from row: 6 to 45 of codebodyin<Worksheet "DI">
2020-05-12 23:55:16,407:INFO:PLC_DI.awl created
2020-05-12 23:55:16,407:INFO:Generated from row: 6 to 45 of db_varin<Worksheet "DI">
2020-05-12 23:55:16,407:INFO:PLC_DI_DB.db created
2020-05-12 23:55:16,407:INFO:Generated from row: 6 to 45 of symbolin<Worksheet "DI">
2020-05-12 23:55:16,407:INFO:PLC_DI_Symbol.sdf created
2020-05-12 23:55:16,417:INFO:Generated from row: 6 to 45 of Intouchin<Worksheet "DI">
2020-05-12 23:55:16,417:INFO:IT_DI.csv created
2020-05-12 23:55:16,417:INFO:Generated DI files put in C:/Users/EddieKarlsson/Desktop\Generated DI
2020-05-12 23:55:16,417:INFO:Generated from row: 6 to 15 of varin<Worksheet "DO">
2020-05-12 23:55:16,417:INFO:Generated from row: 6 to 15 of codebodyin<Worksheet "DO">
2020-05-12 23:55:16,417:INFO:PLC_DO.awl created
2020-05-12 23:55:16,417:INFO:Generated from row: 6 to 15 of db_varin<Worksheet "DO">
2020-05-12 23:55:16,417:INFO:PLC_DO_DB.db created
2020-05-12 23:55:16,417:INFO:Generated from row: 6 to 15 of symbolin<Worksheet "DO">
2020-05-12 23:55:16,417:INFO:PLC_DO_Symbol.sdf created
2020-05-12 23:55:16,417:INFO:Generated from row: 6 to 15 of Intouchin<Worksheet "DO">
2020-05-12 23:55:16,432:INFO:IT_DO.csv created
2020-05-12 23:55:16,432:INFO:Generated DO files put in C:/Users/EddieKarlsson/Desktop\Generated DO
2020-05-12 23:55:16,432:INFO:Generated from row: 6 to 26 of codebodyin<Worksheet "Valves">
2020-05-12 23:55:16,432:INFO:PLC_Valves.awl created
2020-05-12 23:55:16,432:INFO:Generated Valve files put in C:/Users/EddieKarlsson/Desktop\Generated Valve
2020-05-12 23:55:16,432:INFO:STOP
2020-05-12 23:57:24,452:INFO:START
2020-05-12 23:57:25,110:INFO:Generated from row: 6 to 45 of varin<Worksheet "DI">
2020-05-12 23:57:25,112:INFO:Generated from row: 6 to 45 of codebodyin<Worksheet "DI">
2020-05-12 23:57:25,112:INFO:PLC_DI.awl created
2020-05-12 23:57:25,112:INFO:Generated from row: 6 to 45 of db_varin<Worksheet "DI">
2020-05-12 23:57:25,112:INFO:PLC_DI_DB.db created
2020-05-12 23:57:25,120:INFO:Generated from row: 6 to 45 of symbolin<Worksheet "DI">
2020-05-12 23:57:25,122:INFO:PLC_DI_Symbol.sdf created
2020-05-12 23:57:25,122:INFO:Generated from row: 6 to 45 of Intouchin<Worksheet "DI">
2020-05-12 23:57:25,122:INFO:IT_DI.csv created
2020-05-12 23:57:25,122:INFO:Generated DI files put in C:/Users/EddieKarlsson/Desktop\Generated DI
2020-05-12 23:57:25,130:INFO:Generated from row: 6 to 15 of varin<Worksheet "DO">
2020-05-12 23:57:25,130:INFO:Generated from row: 6 to 15 of codebodyin<Worksheet "DO">
2020-05-12 23:57:25,130:INFO:PLC_DO.awl created
2020-05-12 23:57:25,130:INFO:Generated from row: 6 to 15 of db_varin<Worksheet "DO">
2020-05-12 23:57:25,130:INFO:PLC_DO_DB.db created
2020-05-12 23:57:25,130:INFO:Generated from row: 6 to 15 of symbolin<Worksheet "DO">
2020-05-12 23:57:25,130:INFO:PLC_DO_Symbol.sdf created
2020-05-12 23:57:25,130:INFO:Generated from row: 6 to 15 of Intouchin<Worksheet "DO">
2020-05-12 23:57:25,130:INFO:IT_DO.csv created
2020-05-12 23:57:25,130:INFO:Generated DO files put in C:/Users/EddieKarlsson/Desktop\Generated DO
2020-05-12 23:57:25,140:INFO:Generated from row: 6 to 26 of codebodyin<Worksheet "Valves">
2020-05-12 23:57:25,140:INFO:PLC_Valves.awl created
2020-05-12 23:57:25,140:INFO:Generated Valve files put in C:/Users/EddieKarlsson/Desktop\Generated Valve
2020-05-12 23:57:25,140:INFO:STOP
2020-05-12 23:57:44,672:INFO:START
2020-05-12 23:57:45,331:INFO:Generated from row: 6 to 45 of varin<Worksheet "DI">
2020-05-12 23:57:45,333:INFO:Generated from row: 6 to 45 of codebodyin<Worksheet "DI">
2020-05-12 23:57:45,333:INFO:PLC_DI.awl created
2020-05-12 23:57:45,333:INFO:Generated from row: 6 to 45 of db_varin<Worksheet "DI">
2020-05-12 23:57:45,333:INFO:PLC_DI_DB.db created
2020-05-12 23:57:45,341:INFO:Generated from row: 6 to 45 of symbolin<Worksheet "DI">
2020-05-12 23:57:45,341:INFO:PLC_DI_Symbol.sdf created
2020-05-12 23:57:45,343:INFO:Generated from row: 6 to 45 of Intouchin<Worksheet "DI">
2020-05-12 23:57:45,343:INFO:IT_DI.csv created
2020-05-12 23:57:45,343:INFO:Generated DI files put in C:/Users/EddieKarlsson/Desktop/tab\Generated DI
2020-05-12 23:57:45,343:INFO:Generated from row: 6 to 15 of varin<Worksheet "DO">
2020-05-12 23:57:45,343:INFO:Generated from row: 6 to 15 of codebodyin<Worksheet "DO">
2020-05-12 23:57:45,343:INFO:PLC_DO.awl created
2020-05-12 23:57:45,351:INFO:Generated from row: 6 to 15 of db_varin<Worksheet "DO">
2020-05-12 23:57:45,351:INFO:PLC_DO_DB.db created
2020-05-12 23:57:45,351:INFO:Generated from row: 6 to 15 of symbolin<Worksheet "DO">
2020-05-12 23:57:45,351:INFO:PLC_DO_Symbol.sdf created
2020-05-12 23:57:45,351:INFO:Generated from row: 6 to 15 of Intouchin<Worksheet "DO">
2020-05-12 23:57:45,351:INFO:IT_DO.csv created
2020-05-12 23:57:45,351:INFO:Generated DO files put in C:/Users/EddieKarlsson/Desktop/tab\Generated DO
2020-05-12 23:57:45,351:INFO:Generated from row: 6 to 26 of codebodyin<Worksheet "Valves">
2020-05-12 23:57:45,351:INFO:PLC_Valves.awl created
2020-05-12 23:57:45,351:INFO:Generated Valve files put in C:/Users/EddieKarlsson/Desktop/tab\Generated Valve
2020-05-12 23:57:45,351:INFO:STOP
2020-05-14 08:09:32,619:INFO:START
2020-05-14 08:09:33,338:INFO:Generated from row: 6 to 45 of varin<Worksheet "DI">
2020-05-14 08:09:33,338:INFO:Generated from row: 6 to 45 of codebodyin<Worksheet "DI">
2020-05-14 08:09:33,338:INFO:PLC_DI.awl created
2020-05-14 08:09:33,338:INFO:Generated from row: 6 to 45 of db_varin<Worksheet "DI">
2020-05-14 08:09:33,338:INFO:PLC_DI_DB.db created
2020-05-14 08:09:33,350:INFO:Generated from row: 6 to 45 of symbolin<Worksheet "DI">
2020-05-14 08:09:33,350:INFO:PLC_DI_Symbol.sdf created
2020-05-14 08:09:33,350:INFO:Generated from row: 6 to 45 of Intouchin<Worksheet "DI">
2020-05-14 08:09:33,350:INFO:IT_DI.csv created
2020-05-14 08:09:33,350:INFO:Generated DI files put in C:/Users/EddieKarlsson/Desktop\Generated DI
2020-05-14 08:09:33,350:INFO:Generated from row: 6 to 15 of varin<Worksheet "DO">
2020-05-14 08:09:33,358:INFO:Generated from row: 6 to 15 of codebodyin<Worksheet "DO">
2020-05-14 08:09:33,358:INFO:PLC_DO.awl created
2020-05-14 08:09:33,358:INFO:Generated from row: 6 to 15 of db_varin<Worksheet "DO">
2020-05-14 08:09:33,358:INFO:PLC_DO_DB.db created
2020-05-14 08:09:33,358:INFO:Generated from row: 6 to 15 of symbolin<Worksheet "DO">
2020-05-14 08:09:33,358:INFO:PLC_DO_Symbol.sdf created
2020-05-14 08:09:33,358:INFO:Generated from row: 6 to 15 of Intouchin<Worksheet "DO">
2020-05-14 08:09:33,358:INFO:IT_DO.csv created
2020-05-14 08:09:33,358:INFO:Generated DO files put in C:/Users/EddieKarlsson/Desktop\Generated DO
2020-05-14 08:09:33,368:INFO:Generated from row: 6 to 26 of codebodyin<Worksheet "Valves">
2020-05-14 08:09:33,368:INFO:PLC_Valves.awl created
2020-05-14 08:09:33,368:INFO:Generated Valve files put in C:/Users/EddieKarlsson/Desktop\Generated Valve
2020-05-14 08:09:33,368:INFO:STOP
2020-05-29 15:37:24,549:INFO:START
2020-05-29 15:37:25,137:INFO:Generated from row: 6 to 18 of varin<Worksheet "DI">
2020-05-29 15:37:25,139:INFO:Generated from row: 6 to 18 of codebodyin<Worksheet "DI">
2020-05-29 15:37:25,143:INFO:PLC_DI.awl created
2020-05-29 15:37:25,147:INFO:Generated from row: 6 to 18 of db_varin<Worksheet "DI">
2020-05-29 15:37:25,150:INFO:PLC_DI_DB.db created
2020-05-29 15:37:25,153:INFO:Generated from row: 6 to 18 of symbolin<Worksheet "DI">
2020-05-29 15:37:25,156:INFO:PLC_DI_Symbol.sdf created
2020-05-29 15:37:25,159:INFO:Generated from row: 6 to 18 of Intouchin<Worksheet "DI">
2020-05-29 15:37:25,163:INFO:IT_DI.csv created
2020-05-29 15:37:25,164:INFO:Generated DI files put in P:/MC Template/30 Program exempel/Tank_To_Tank_Transfer/Intouch/generated_tags\Generated DI
2020-05-29 15:37:25,167:WARNING:var in config file not found!
2020-05-29 15:37:25,168:WARNING:codebody in config file not found!
2020-05-29 15:37:25,172:INFO:PLC_DO.awl created
2020-05-29 15:37:25,174:WARNING:db_var in config file not found!
2020-05-29 15:37:25,175:WARNING:symbol in config file not found!
2020-05-29 15:37:25,176:WARNING:Intouch in config file not found!
2020-05-29 15:37:25,176:INFO:Generated DO files put in P:/MC Template/30 Program exempel/Tank_To_Tank_Transfer/Intouch/generated_tags\Generated DO
2020-05-29 15:39:07,571:INFO:START
2020-05-29 15:39:08,137:INFO:Generated from row: 6 to 18 of varin<Worksheet "DI">
2020-05-29 15:39:08,139:INFO:Generated from row: 6 to 18 of codebodyin<Worksheet "DI">
2020-05-29 15:39:08,144:INFO:PLC_DI.awl created
2020-05-29 15:39:08,148:INFO:Generated from row: 6 to 18 of db_varin<Worksheet "DI">
2020-05-29 15:39:08,153:INFO:PLC_DI_DB.db created
2020-05-29 15:39:08,157:INFO:Generated from row: 6 to 18 of symbolin<Worksheet "DI">
2020-05-29 15:39:08,162:INFO:PLC_DI_Symbol.sdf created
2020-05-29 15:39:08,165:INFO:Generated from row: 6 to 18 of Intouchin<Worksheet "DI">
2020-05-29 15:39:08,169:INFO:IT_DI.csv created
2020-05-29 15:39:08,170:INFO:Generated DI files put in P:/MC Template/30 Program exempel/Tank_To_Tank_Transfer/Intouch/generated_tags\Generated DI
2020-05-29 15:39:08,175:WARNING:var in config file not found!
2020-05-29 15:39:08,176:WARNING:codebody in config file not found!
2020-05-29 15:39:08,180:INFO:PLC_DO.awl created
2020-05-29 15:39:08,183:WARNING:db_var in config file not found!
2020-05-29 15:39:08,183:WARNING:symbol in config file not found!
2020-05-29 15:39:08,184:WARNING:Intouch in config file not found!
2020-05-29 15:39:08,184:INFO:Generated DO files put in P:/MC Template/30 Program exempel/Tank_To_Tank_Transfer/Intouch/generated_tags\Generated DO
2020-05-29 15:40:43,023:INFO:START
2020-05-29 15:40:43,618:INFO:Generated from row: 6 to 18 of varin<Worksheet "DI">
2020-05-29 15:40:43,622:INFO:Generated from row: 6 to 18 of codebodyin<Worksheet "DI">
2020-05-29 15:40:43,626:INFO:PLC_DI.awl created
2020-05-29 15:40:43,630:INFO:Generated from row: 6 to 18 of db_varin<Worksheet "DI">
2020-05-29 15:40:43,634:INFO:PLC_DI_DB.db created
2020-05-29 15:40:43,638:INFO:Generated from row: 6 to 18 of symbolin<Worksheet "DI">
2020-05-29 15:40:43,642:INFO:PLC_DI_Symbol.sdf created
2020-05-29 15:40:43,645:INFO:Generated from row: 6 to 18 of Intouchin<Worksheet "DI">
2020-05-29 15:40:43,649:INFO:IT_DI.csv created
2020-05-29 15:40:43,652:INFO:Generated DI files put in P:/MC Template/30 Program exempel/Tank_To_Tank_Transfer/Intouch/generated_tags\Generated DI
2020-05-29 15:40:43,656:WARNING:var in config file not found!
2020-05-29 15:40:43,657:WARNING:codebody in config file not found!
2020-05-29 15:40:43,661:INFO:PLC_DO.awl created
2020-05-29 15:40:43,664:WARNING:db_var in config file not found!
2020-05-29 15:40:43,664:WARNING:symbol in config file not found!
2020-05-29 15:40:43,665:WARNING:Intouch in config file not found!
2020-05-29 15:40:43,665:INFO:Generated DO files put in P:/MC Template/30 Program exempel/Tank_To_Tank_Transfer/Intouch/generated_tags\Generated DO
2020-05-29 15:42:45,892:INFO:START
2020-05-29 15:42:46,459:INFO:Generated from row: 6 to 18 of varin<Worksheet "DI">
2020-05-29 15:42:46,460:INFO:Generated from row: 6 to 18 of codebodyin<Worksheet "DI">
2020-05-29 15:42:46,464:INFO:PLC_DI.awl created
2020-05-29 15:42:46,467:INFO:Generated from row: 6 to 18 of db_varin<Worksheet "DI">
2020-05-29 15:42:46,472:INFO:PLC_DI_DB.db created
2020-05-29 15:42:46,475:INFO:Generated from row: 6 to 18 of symbolin<Worksheet "DI">
2020-05-29 15:42:46,480:INFO:PLC_DI_Symbol.sdf created
2020-05-29 15:42:46,484:INFO:Generated from row: 6 to 18 of Intouchin<Worksheet "DI">
2020-05-29 15:42:46,489:INFO:IT_DI.csv created
2020-05-29 15:42:46,492:INFO:Generated DI files put in P:/MC Template/30 Program exempel/Tank_To_Tank_Transfer/Intouch/generated_tags\Generated DI
2020-05-29 15:42:46,496:WARNING:var in config file not found!
2020-05-29 15:42:46,497:WARNING:codebody in config file not found!
2020-05-29 15:42:46,501:INFO:PLC_DO.awl created
2020-05-29 15:42:46,504:WARNING:db_var in config file not found!
2020-05-29 15:42:46,505:WARNING:symbol in config file not found!
2020-05-29 15:42:46,505:WARNING:Intouch in config file not found!
2020-05-29 15:42:46,505:INFO:Generated DO files put in P:/MC Template/30 Program exempel/Tank_To_Tank_Transfer/Intouch/generated_tags\Generated DO
2020-05-29 15:46:24,713:INFO:START
2020-05-29 15:46:25,329:INFO:Generated from row: 6 to 18 of varin<Worksheet "DI">
2020-05-29 15:46:25,330:INFO:Generated from row: 6 to 18 of codebodyin<Worksheet "DI">
2020-05-29 15:46:25,334:INFO:PLC_DI.awl created
2020-05-29 15:46:25,337:INFO:Generated from row: 6 to 18 of db_varin<Worksheet "DI">
2020-05-29 15:46:25,342:INFO:PLC_DI_DB.db created
2020-05-29 15:46:25,344:INFO:Generated from row: 6 to 18 of symbolin<Worksheet "DI">
2020-05-29 15:46:25,349:INFO:PLC_DI_Symbol.sdf created
2020-05-29 15:46:25,352:INFO:Generated from row: 6 to 18 of Intouchin<Worksheet "DI">
2020-05-29 15:46:25,357:INFO:IT_DI.csv created
2020-05-29 15:46:25,359:INFO:Generated DI files put in P:/MC Template/30 Program exempel/Tank_To_Tank_Transfer/Intouch/generated_tags\Generated DI
2020-05-29 15:46:25,364:WARNING:var in config file not found!
2020-05-29 15:46:25,365:WARNING:codebody in config file not found!
2020-05-29 15:46:25,369:INFO:PLC_DO.awl created
2020-05-29 15:46:25,372:WARNING:db_var in config file not found!
2020-05-29 15:46:25,373:WARNING:symbol in config file not found!
2020-05-29 15:46:25,373:WARNING:Intouch in config file not found!
2020-05-29 15:46:25,374:INFO:Generated DO files put in P:/MC Template/30 Program exempel/Tank_To_Tank_Transfer/Intouch/generated_tags\Generated DO
2020-05-29 15:46:35,592:INFO:START
2020-05-29 15:46:36,197:INFO:Generated from row: 6 to 18 of varin<Worksheet "DI">
2020-05-29 15:46:36,199:INFO:Generated from row: 6 to 18 of codebodyin<Worksheet "DI">
2020-05-29 15:46:36,203:INFO:PLC_DI.awl created
2020-05-29 15:46:36,206:INFO:Generated from row: 6 to 18 of db_varin<Worksheet "DI">
2020-05-29 15:46:36,210:INFO:PLC_DI_DB.db created
2020-05-29 15:46:36,213:INFO:Generated from row: 6 to 18 of symbolin<Worksheet "DI">
2020-05-29 15:46:36,217:INFO:PLC_DI_Symbol.sdf created
2020-05-29 15:46:36,220:INFO:Generated from row: 6 to 18 of Intouchin<Worksheet "DI">
2020-05-29 15:46:36,224:INFO:IT_DI.csv created
2020-05-29 15:46:36,225:INFO:Generated DI files put in P:/MC Template/30 Program exempel/Tank_To_Tank_Transfer/Intouch/generated_tags\Generated DI
2020-05-29 15:46:36,230:WARNING:var in config file not found!
2020-05-29 15:46:36,230:WARNING:codebody in config file not found!
2020-05-29 15:46:36,234:INFO:PLC_DO.awl created
2020-05-29 15:46:36,236:WARNING:db_var in config file not found!
2020-05-29 15:46:36,237:WARNING:symbol in config file not found!
2020-05-29 15:46:36,238:WARNING:Intouch in config file not found!
2020-05-29 15:46:36,238:INFO:Generated DO files put in P:/MC Template/30 Program exempel/Tank_To_Tank_Transfer/Intouch/generated_tags\Generated DO
2020-05-29 15:46:38,553:INFO:START
2020-05-29 15:46:39,173:INFO:Generated from row: 6 to 18 of varin<Worksheet "DI">
2020-05-29 15:46:39,175:INFO:Generated from row: 6 to 18 of codebodyin<Worksheet "DI">
2020-05-29 15:46:39,178:INFO:PLC_DI.awl created
2020-05-29 15:46:39,181:INFO:Generated from row: 6 to 18 of db_varin<Worksheet "DI">
2020-05-29 15:46:39,185:INFO:PLC_DI_DB.db created
2020-05-29 15:46:39,188:INFO:Generated from row: 6 to 18 of symbolin<Worksheet "DI">
2020-05-29 15:46:39,192:INFO:PLC_DI_Symbol.sdf created
2020-05-29 15:46:39,195:INFO:Generated from row: 6 to 18 of Intouchin<Worksheet "DI">
2020-05-29 15:46:39,199:INFO:IT_DI.csv created
2020-05-29 15:46:39,201:INFO:Generated DI files put in P:/MC Template/30 Program exempel/Tank_To_Tank_Transfer/Intouch/generated_tags\Generated DI
2020-05-29 15:46:39,205:WARNING:var in config file not found!
2020-05-29 15:46:39,205:WARNING:codebody in config file not found!
2020-05-29 15:46:39,209:INFO:PLC_DO.awl created
2020-05-29 15:46:39,212:WARNING:db_var in config file not found!
2020-05-29 15:46:39,212:WARNING:symbol in config file not found!
2020-05-29 15:46:39,213:WARNING:Intouch in config file not found!
2020-05-29 15:46:39,213:INFO:Generated DO files put in P:/MC Template/30 Program exempel/Tank_To_Tank_Transfer/Intouch/generated_tags\Generated DO
2020-05-29 15:46:55,047:INFO:START
2020-05-29 15:46:55,614:INFO:Generated from row: 6 to 18 of varin<Worksheet "DI">
2020-05-29 15:46:55,617:INFO:Generated from row: 6 to 18 of codebodyin<Worksheet "DI">
2020-05-29 15:46:55,622:INFO:PLC_DI.awl created
2020-05-29 15:46:55,626:INFO:Generated from row: 6 to 18 of db_varin<Worksheet "DI">
2020-05-29 15:46:55,630:INFO:PLC_DI_DB.db created
2020-05-29 15:46:55,633:INFO:Generated from row: 6 to 18 of symbolin<Worksheet "DI">
2020-05-29 15:46:55,637:INFO:PLC_DI_Symbol.sdf created
2020-05-29 15:46:55,640:INFO:Generated from row: 6 to 18 of Intouchin<Worksheet "DI">
2020-05-29 15:46:55,643:INFO:IT_DI.csv created
2020-05-29 15:46:55,645:INFO:Generated DI files put in P:/MC Template/30 Program exempel/Tank_To_Tank_Transfer/Intouch/generated_tags\Generated DI
2020-05-29 15:46:55,649:WARNING:var in config file not found!
2020-05-29 15:46:55,650:WARNING:codebody in config file not found!
2020-05-29 15:46:55,653:INFO:PLC_DO.awl created
2020-05-29 15:46:55,655:WARNING:db_var in config file not found!
2020-05-29 15:46:55,656:WARNING:symbol in config file not found!
2020-05-29 15:46:55,657:WARNING:Intouch in config file not found!
2020-05-29 15:46:55,657:INFO:Generated DO files put in P:/MC Template/30 Program exempel/Tank_To_Tank_Transfer/Intouch/generated_tags\Generated DO
2020-05-29 15:46:55,667:INFO:Generated from row: 6 to 21 of IT_IOInt_Tagin<Worksheet "Valves">
2020-05-29 15:47:40,229:INFO:START
2020-05-29 15:47:40,796:INFO:Generated from row: 6 to 18 of varin<Worksheet "DI">
2020-05-29 15:47:40,797:INFO:Generated from row: 6 to 18 of codebodyin<Worksheet "DI">
2020-05-29 15:47:40,801:INFO:PLC_DI.awl created
2020-05-29 15:47:40,804:INFO:Generated from row: 6 to 18 of db_varin<Worksheet "DI">
2020-05-29 15:47:40,808:INFO:PLC_DI_DB.db created
2020-05-29 15:47:40,811:INFO:Generated from row: 6 to 18 of symbolin<Worksheet "DI">
2020-05-29 15:47:40,816:INFO:PLC_DI_Symbol.sdf created
2020-05-29 15:47:40,818:INFO:Generated from row: 6 to 18 of Intouchin<Worksheet "DI">
2020-05-29 15:47:40,822:INFO:IT_DI.csv created
2020-05-29 15:47:40,824:INFO:Generated DI files put in P:/MC Template/30 Program exempel/Tank_To_Tank_Transfer/Intouch/generated_tags\Generated DI
2020-05-29 15:47:40,831:WARNING:var in config file not found!
2020-05-29 15:47:40,831:WARNING:codebody in config file not found!
2020-05-29 15:47:40,836:INFO:PLC_DO.awl created
2020-05-29 15:47:40,839:WARNING:db_var in config file not found!
2020-05-29 15:47:40,840:WARNING:symbol in config file not found!
2020-05-29 15:47:40,841:WARNING:Intouch in config file not found!
2020-05-29 15:47:40,841:INFO:Generated DO files put in P:/MC Template/30 Program exempel/Tank_To_Tank_Transfer/Intouch/generated_tags\Generated DO
2020-05-29 15:47:40,846:INFO:Generated from row: 6 to 21 of IT_IOInt_Tagin<Worksheet "Valves">
2020-05-29 15:47:40,852:INFO:IT_Valves.csv created
2020-05-29 15:47:40,854:INFO:Generated Valve files put in P:/MC Template/30 Program exempel/Tank_To_Tank_Transfer/Intouch/generated_tags\Generated Valve
2020-05-29 15:47:40,854:INFO:STOP
2020-05-29 15:48:33,725:INFO:START
2020-05-29 15:48:34,283:WARNING:DI not generated, disabled in settings file
2020-05-29 15:48:34,284:WARNING:DO not generated, Disabled in settings file
2020-05-29 15:48:34,293:INFO:Generated from row: 6 to 21 of IT_IOInt_Tagin<Worksheet "Valves">
2020-05-29 15:48:34,298:INFO:IT_Valves.csv created
2020-05-29 15:48:34,300:INFO:Generated Valve files put in P:/MC Template/30 Program exempel/Tank_To_Tank_Transfer/Intouch/generated_tags\Generated Valve
2020-05-29 15:48:34,300:INFO:STOP
2020-05-29 15:49:52,565:INFO:START
2020-05-29 15:49:53,134:WARNING:DI not generated, disabled in settings file
2020-05-29 15:49:53,134:WARNING:DO not generated, Disabled in settings file
2020-05-29 15:49:53,147:INFO:Generated from row: 6 to 21 of IT_IOInt_Tagin<Worksheet "Valves">
2020-05-29 15:49:53,152:INFO:IT_Valves.csv created
2020-05-29 15:49:53,154:INFO:Generated Valve files put in P:/MC Template/30 Program exempel/Tank_To_Tank_Transfer/Intouch/generated_tags\Generated Valve
2020-05-29 15:49:53,155:INFO:STOP
2020-05-29 15:53:36,993:INFO:START
2020-05-29 15:54:30,538:INFO:START
2020-05-29 15:54:31,116:WARNING:DI not generated, disabled in settings file
2020-05-29 15:54:31,116:WARNING:DO not generated, Disabled in settings file
2020-05-29 15:54:31,125:INFO:Generated from row: 6 to 21 of IT_IOInt_Tagin<Worksheet "Valves">
2020-05-29 15:54:31,129:INFO:IT_Valves.csv created
2020-05-29 15:54:31,132:INFO:Generated Valve files put in P:/MC Template/30 Program exempel/Tank_To_Tank_Transfer/Intouch/generated_tags\Generated Valve
2020-05-29 15:54:31,132:INFO:STOP
2020-05-29 15:57:09,685:INFO:START
2020-05-29 15:57:10,248:WARNING:DI not generated, disabled in settings file
2020-05-29 15:57:10,249:WARNING:DO not generated, Disabled in settings file
2020-05-29 15:57:33,091:INFO:START
2020-05-29 15:57:33,659:WARNING:DI not generated, disabled in settings file
2020-05-29 15:57:33,663:WARNING:DO not generated, Disabled in settings file
2020-05-29 15:57:33,668:INFO:Generated from row: 6 to 21 of IT_IOInt_Tagin<Worksheet "Valves">
2020-05-29 15:57:33,672:INFO:IT_Valves.csv created
2020-05-29 15:57:33,674:INFO:Generated Valve files put in P:/MC Template/30 Program exempel/Tank_To_Tank_Transfer/Intouch/generated_tags\Generated Valve
2020-05-29 15:57:33,674:INFO:STOP
2020-05-29 15:58:32,078:INFO:START
2020-05-29 15:58:32,635:WARNING:DI not generated, disabled in settings file
2020-05-29 15:58:32,636:WARNING:DO not generated, Disabled in settings file
2020-05-29 15:58:32,642:INFO:Generated from row: 6 to 21 of IT_IOInt_Tagin<Worksheet "Valves">
2020-05-29 15:58:32,646:INFO:IT_Valves.csv created
2020-05-29 15:58:32,649:INFO:Generated Valve files put in P:/MC Template/30 Program exempel/Tank_To_Tank_Transfer/Intouch/generated_tags\Generated Valve
2020-05-29 15:58:32,649:INFO:STOP
2020-05-29 15:59:59,737:INFO:START
2020-05-29 16:00:00,299:WARNING:DI not generated, disabled in settings file
2020-05-29 16:00:00,299:WARNING:DO not generated, Disabled in settings file
2020-05-29 16:00:00,305:INFO:Generated from row: 6 to 21 of IT_IOInt_Tagin<Worksheet "Valves">
2020-05-29 16:00:00,311:INFO:IT_Valves.csv created
2020-05-29 16:00:00,313:INFO:Generated Valve files put in P:/MC Template/30 Program exempel/Tank_To_Tank_Transfer/Intouch/generated_tags\Generated Valve
2020-05-29 16:00:00,313:INFO:STOP
2020-05-29 16:03:57,993:INFO:START
2020-05-29 16:03:58,553:WARNING:DI not generated, disabled in settings file
2020-05-29 16:03:58,554:WARNING:DO not generated, Disabled in settings file
2020-05-29 16:03:58,563:INFO:Generated from row: 6 to 21 of IT_IOInt_Tagin<Worksheet "Valves">
2020-05-29 16:03:58,567:INFO:IT_Valves.csv created
2020-05-29 16:03:58,569:INFO:Generated Valve files put in P:/MC Template/30 Program exempel/Tank_To_Tank_Transfer/Intouch/generated_tags\Generated Valve
2020-05-29 16:03:58,569:INFO:STOP
2020-05-29 16:05:51,347:INFO:START
2020-05-29 16:05:51,912:WARNING:DI not generated, disabled in settings file
2020-05-29 16:05:51,913:WARNING:DO not generated, Disabled in settings file
2020-05-29 16:05:51,925:INFO:Generated from row: 6 to 21 of IT_IOInt_Tagin<Worksheet "Valves">
2020-05-29 16:05:51,929:INFO:IT_Valves.csv created
2020-05-29 16:05:51,932:INFO:Generated Valve files put in P:/MC Template/30 Program exempel/Tank_To_Tank_Transfer/Intouch/generated_tags\Generated Valve
2020-05-29 16:05:51,932:INFO:STOP
